{
  "stats": {
    "suites": 1,
    "tests": 1,
    "passes": 1,
    "pending": 0,
    "failures": 0,
    "start": "2025-09-18T06:01:19.535Z",
    "end": "2025-09-18T06:01:25.403Z",
    "duration": 5868,
    "testsRegistered": 1,
    "passPercent": 100,
    "pendingPercent": 0,
    "other": 0,
    "hasOther": false,
    "skipped": 0,
    "hasSkipped": false
  },
  "results": [
    {
      "uuid": "491f4545-0176-4e26-8aa7-fd42884fdb21",
      "title": "",
      "fullFile": "cypress\\e2e\\Assertions1.cy.js",
      "file": "cypress\\e2e\\Assertions1.cy.js",
      "beforeHooks": [],
      "afterHooks": [],
      "tests": [],
      "suites": [
        {
          "uuid": "ee620a88-af3a-4169-8a95-50df1ae4afaa",
          "title": "SauceDemo - Assertions Demo",
          "fullFile": "",
          "file": "",
          "beforeHooks": [],
          "afterHooks": [],
          "tests": [
            {
              "title": "should perform text, attribute, class, input, and length assertions",
              "fullTitle": "SauceDemo - Assertions Demo should perform text, attribute, class, input, and length assertions",
              "timedOut": null,
              "duration": 2858,
              "state": "passed",
              "speed": "fast",
              "pass": true,
              "fail": false,
              "pending": false,
              "context": null,
              "code": "cy.visit('https://www.saucedemo.com/');\n//1.Existence and Visibility 3.Attribute Values 5.nput Values. 6.length.\ncy.get('#user-name').should('exist');\ncy.get('#inventory_container').should('not.exist');\ncy.get('#login-button').should('be.visible');\ncy.get('#user-name').should('have.attr', 'placeholder', 'Username');\ncy.get('#login-button').should('not.have.attr', 'readonly');\ncy.get('#login-button').should('be.visible').and('have.text', '').and('not.have.class', 'disabled');\ncy.get('#user-name').type('standard_user');\ncy.get('[data-test=\"username\"]').should('have.value', 'standard_user');\ncy.get('#password').type('secret_sauce');\ncy.get('#login-button').click();\ncy.get('.bm-menu-wrap').should('not.be.visible');\ncy.get('.bm-burger-button').should('have.class', 'bm-burger-button');\ncy.get('.inventory_item').should('have.length', 6);\ncy.get('.inventory_item').should('have.length.greaterThan', 3);\n// 2.Text Content.\ncy.get('.app_logo').should('have.text', 'Swag Labs');\ncy.get('.app_logo').should('include.text', 'Swag');\ncy.get('.app_logo').should('not.have.text', 'Bags');",
              "err": {},
              "uuid": "0516aece-f8c7-4c1d-86d5-f664a0b44497",
              "parentUUID": "ee620a88-af3a-4169-8a95-50df1ae4afaa",
              "isHook": false,
              "skipped": false
            }
          ],
          "suites": [],
          "passes": [
            "0516aece-f8c7-4c1d-86d5-f664a0b44497"
          ],
          "failures": [],
          "pending": [],
          "skipped": [],
          "duration": 2858,
          "root": false,
          "rootEmpty": false,
          "_timeout": 2000
        }
      ],
      "passes": [],
      "failures": [],
      "pending": [],
      "skipped": [],
      "duration": 0,
      "root": true,
      "rootEmpty": true,
      "_timeout": 2000
    }
  ],
  "meta": {
    "mocha": {
      "version": "7.2.0"
    },
    "mochawesome": {
      "options": {
        "quiet": false,
        "reportFilename": "mochawesome",
        "saveHtml": true,
        "saveJson": true,
        "consoleReporter": "spec",
        "useInlineDiffs": false,
        "code": true
      },
      "version": "7.1.4"
    },
    "marge": {
      "options": {
        "reportDir": "cypress/reports",
        "overwrite": false,
        "html": true,
        "json": true,
        "charts": true,
        "reportPageTitle": "OrangeHRM Test Report",
        "inlineAssets": true
      },
      "version": "6.3.0"
    }
  }
}